This is pdfTeX, Version 3.14159265-2.6-1.40.17 (TeX Live 2016) (preloaded format=pdflatex 2016.5.22)  10 MAR 2017 02:10
entering extended mode
 restricted \write18 enabled.
 %&-line parsing enabled.
**clarinet.tex
(./clarinet.tex
LaTeX2e <2016/03/31>
Babel <3.9r> and hyphenation patterns for 83 language(s) loaded.
(/usr/local/texlive/2016/texmf-dist/tex/latex/base/book.cls
Document Class: book 2014/09/29 v1.4h Standard LaTeX document class
(/usr/local/texlive/2016/texmf-dist/tex/latex/base/bk12.clo
File: bk12.clo 2014/09/29 v1.4h Standard LaTeX file (size option)
)
\c@part=\count79
\c@chapter=\count80
\c@section=\count81
\c@subsection=\count82
\c@subsubsection=\count83
\c@paragraph=\count84
\c@subparagraph=\count85
\c@figure=\count86
\c@table=\count87
\abovecaptionskip=\skip41
\belowcaptionskip=\skip42
\bibindent=\dimen102
)
(/usr/local/texlive/2016/texmf-dist/tex/latex/pdfpages/pdfpages.sty
Package: pdfpages 2016/04/19 v0.5f Insert pages of external PDF documents (AM)

(/usr/local/texlive/2016/texmf-dist/tex/latex/base/ifthen.sty
Package: ifthen 2014/09/29 v1.1c Standard LaTeX ifthen package (DPC)
)
(/usr/local/texlive/2016/texmf-dist/tex/latex/tools/calc.sty
Package: calc 2014/10/28 v4.3 Infix arithmetic (KKT,FJ)
\calc@Acount=\count88
\calc@Bcount=\count89
\calc@Adimen=\dimen103
\calc@Bdimen=\dimen104
\calc@Askip=\skip43
\calc@Bskip=\skip44
LaTeX Info: Redefining \setlength on input line 80.
LaTeX Info: Redefining \addtolength on input line 81.
\calc@Ccount=\count90
\calc@Cskip=\skip45
)
(/usr/local/texlive/2016/texmf-dist/tex/latex/eso-pic/eso-pic.sty
Package: eso-pic 2015/07/21 v2.0g eso-pic (RN)

(/usr/local/texlive/2016/texmf-dist/tex/generic/oberdiek/atbegshi.sty
Package: atbegshi 2016/05/16 v1.17 At begin shipout hook (HO)

(/usr/local/texlive/2016/texmf-dist/tex/generic/oberdiek/infwarerr.sty
Package: infwarerr 2016/05/16 v1.4 Providing info/warning/error messages (HO)
)
(/usr/local/texlive/2016/texmf-dist/tex/generic/oberdiek/ltxcmds.sty
Package: ltxcmds 2016/05/16 v1.23 LaTeX kernel commands for general use (HO)
)
(/usr/local/texlive/2016/texmf-dist/tex/generic/oberdiek/ifpdf.sty
Package: ifpdf 2016/05/14 v3.1 Provides the ifpdf switch
))
(/usr/local/texlive/2016/texmf-dist/tex/latex/graphics/keyval.sty
Package: keyval 2014/10/28 v1.15 key=value parser (DPC)
\KV@toks@=\toks14
)
(/usr/local/texlive/2016/texmf-dist/tex/latex/xcolor/xcolor.sty
Package: xcolor 2016/05/11 v2.12 LaTeX color extensions (UK)

(/usr/local/texlive/2016/texmf-dist/tex/latex/graphics-cfg/color.cfg
File: color.cfg 2016/01/02 v1.6 sample color configuration
)
Package xcolor Info: Driver file: pdftex.def on input line 225.

(/usr/local/texlive/2016/texmf-dist/tex/latex/pdftex-def/pdftex.def
File: pdftex.def 2011/05/27 v0.06d Graphics/color for pdfTeX
\Gread@gobject=\count91
)
Package xcolor Info: Model `cmy' substituted by `cmy0' on input line 1348.
Package xcolor Info: Model `hsb' substituted by `rgb' on input line 1352.
Package xcolor Info: Model `RGB' extended on input line 1364.
Package xcolor Info: Model `HTML' substituted by `rgb' on input line 1366.
Package xcolor Info: Model `Hsb' substituted by `hsb' on input line 1367.
Package xcolor Info: Model `tHsb' substituted by `hsb' on input line 1368.
Package xcolor Info: Model `HSB' substituted by `hsb' on input line 1369.
Package xcolor Info: Model `Gray' substituted by `gray' on input line 1370.
Package xcolor Info: Model `wave' substituted by `hsb' on input line 1371.
))
(/usr/local/texlive/2016/texmf-dist/tex/latex/graphics/graphicx.sty
Package: graphicx 2014/10/28 v1.0g Enhanced LaTeX Graphics (DPC,SPQR)

(/usr/local/texlive/2016/texmf-dist/tex/latex/graphics/graphics.sty
Package: graphics 2016/05/09 v1.0r Standard LaTeX Graphics (DPC,SPQR)

(/usr/local/texlive/2016/texmf-dist/tex/latex/graphics/trig.sty
Package: trig 2016/01/03 v1.10 sin cos tan (DPC)
)
(/usr/local/texlive/2016/texmf-dist/tex/latex/graphics-cfg/graphics.cfg
File: graphics.cfg 2016/01/02 v1.10 sample graphics configuration
)
Package graphics Info: Driver file: pdftex.def on input line 96.
)
\Gin@req@height=\dimen105
\Gin@req@width=\dimen106
)
\AM@pagewidth=\dimen107
\AM@pageheight=\dimen108

(/usr/local/texlive/2016/texmf-dist/tex/latex/pdfpages/pppdftex.def
File: pppdftex.def 2016/04/19 v0.5f Pdfpages driver for pdfTeX (AM)
)
\AM@pagebox=\box26
\AM@global@opts=\toks15
\AM@toc@title=\toks16
\c@AM@survey=\count92
\AM@templatesizebox=\box27
)
(/usr/local/texlive/2016/texmf-dist/tex/latex/koma-script/scrlayer.sty
Package: scrlayer 2016/05/10 v3.20 KOMA-Script package (defining layers and pag
e styles)

(/usr/local/texlive/2016/texmf-dist/tex/latex/koma-script/scrkbase.sty
Package: scrkbase 2016/05/10 v3.20 KOMA-Script package (KOMA-Script-dependent b
asics and keyval usage)

(/usr/local/texlive/2016/texmf-dist/tex/latex/koma-script/scrbase.sty
Package: scrbase 2016/05/10 v3.20 KOMA-Script package (KOMA-Script-independent 
basics and keyval usage)

(/usr/local/texlive/2016/texmf-dist/tex/latex/koma-script/scrlfile.sty
Package: scrlfile 2016/05/10 v3.20 KOMA-Script package (loading files)

Package scrlfile, 2016/05/10 v3.20 KOMA-Script package (loading files)
                  Copyright (C) Markus Kohm

)))
\footheight=\skip46
Package scrlayer Info: patching LaTeX kernel macro \pagestyle on input line 197
5.
)

LaTeX Warning: Unused global option(s):
    [lettersize].

(./clarinet.aux)
\openout1 = `clarinet.aux'.

LaTeX Font Info:    Checking defaults for OML/cmm/m/it on input line 21.
LaTeX Font Info:    ... okay on input line 21.
LaTeX Font Info:    Checking defaults for T1/cmr/m/n on input line 21.
LaTeX Font Info:    ... okay on input line 21.
LaTeX Font Info:    Checking defaults for OT1/cmr/m/n on input line 21.
LaTeX Font Info:    ... okay on input line 21.
LaTeX Font Info:    Checking defaults for OMS/cmsy/m/n on input line 21.
LaTeX Font Info:    ... okay on input line 21.
LaTeX Font Info:    Checking defaults for OMX/cmex/m/n on input line 21.
LaTeX Font Info:    ... okay on input line 21.
LaTeX Font Info:    Checking defaults for U/cmr/m/n on input line 21.
LaTeX Font Info:    ... okay on input line 21.
\AtBeginShipoutBox=\box28

(/usr/local/texlive/2016/texmf-dist/tex/context/base/mkii/supp-pdf.mkii
[Loading MPS to PDF converter (version 2006.09.02).]
\scratchcounter=\count93
\scratchdimen=\dimen109
\scratchbox=\box29
\nofMPsegments=\count94
\nofMParguments=\count95
\everyMPshowfont=\toks17
\MPscratchCnt=\count96
\MPscratchDim=\dimen110
\MPnumerator=\count97
\makeMPintoPDFobject=\count98
\everyMPtoPDFconversion=\toks18
) (/usr/local/texlive/2016/texmf-dist/tex/generic/oberdiek/pdftexcmds.sty
Package: pdftexcmds 2016/05/10 v0.21 Utility functions of pdfTeX for LuaTeX (HO
)

(/usr/local/texlive/2016/texmf-dist/tex/generic/oberdiek/ifluatex.sty
Package: ifluatex 2016/05/16 v1.4 Provides the ifluatex switch (HO)
Package ifluatex Info: LuaTeX not detected.
)
Package pdftexcmds Info: LuaTeX not detected.
Package pdftexcmds Info: \pdf@primitive is available.
Package pdftexcmds Info: \pdf@ifprimitive is available.
Package pdftexcmds Info: \pdfdraftmode found.
)
(/usr/local/texlive/2016/texmf-dist/tex/latex/oberdiek/epstopdf-base.sty
Package: epstopdf-base 2016/05/15 v2.6 Base part for package epstopdf

(/usr/local/texlive/2016/texmf-dist/tex/latex/oberdiek/grfext.sty
Package: grfext 2016/05/16 v1.2 Manage graphics extensions (HO)

(/usr/local/texlive/2016/texmf-dist/tex/generic/oberdiek/kvdefinekeys.sty
Package: kvdefinekeys 2016/05/16 v1.4 Define keys (HO)
))
(/usr/local/texlive/2016/texmf-dist/tex/latex/oberdiek/kvoptions.sty
Package: kvoptions 2016/05/16 v3.12 Key value format for package options (HO)

(/usr/local/texlive/2016/texmf-dist/tex/generic/oberdiek/kvsetkeys.sty
Package: kvsetkeys 2016/05/16 v1.17 Key value parser (HO)

(/usr/local/texlive/2016/texmf-dist/tex/generic/oberdiek/etexcmds.sty
Package: etexcmds 2016/05/16 v1.6 Avoid name clashes with e-TeX commands (HO)
Package etexcmds Info: Could not find \expanded.
(etexcmds)             That can mean that you are not using pdfTeX 1.50 or
(etexcmds)             that some package has redefined \expanded.
(etexcmds)             In the latter case, load this package earlier.
)))
Package grfext Info: Graphics extension search list:
(grfext)             [.png,.pdf,.jpg,.mps,.jpeg,.jbig2,.jb2,.PNG,.PDF,.JPG,.JPE
G,.JBIG2,.JB2,.eps]
(grfext)             \AppendGraphicsExtensions on input line 456.

(/usr/local/texlive/2016/texmf-dist/tex/latex/latexconfig/epstopdf-sys.cfg
File: epstopdf-sys.cfg 2010/07/13 v1.3 Configuration of (r)epstopdf for TeX Liv
e
))
(/usr/local/texlive/2016/texmf-dist/tex/latex/oberdiek/pdflscape.sty
Package: pdflscape 2016/05/14 v0.11 Display of landscape pages in PDF (HO)

(/usr/local/texlive/2016/texmf-dist/tex/latex/graphics/lscape.sty
Package: lscape 2000/10/22 v3.01 Landscape Pages (DPC)
)
Package pdflscape Info: Auto-detected driver: pdftex on input line 81.

(/usr/local/texlive/2016/texmf-dist/tex/generic/ifxetex/ifxetex.sty
Package: ifxetex 2010/09/12 v0.6 Provides ifxetex conditional
))
Package scrlayer Info: Setting magic \footheight to \baselineskip while
(scrlayer)             \begin{document} on input line 21.
LaTeX Font Info:    External font `cmex10' loaded for size
(Font)              <14.4> on input line 22.
LaTeX Font Info:    External font `cmex10' loaded for size
(Font)              <7> on input line 22.
 [1


{/usr/local/texlive/2016/texmf-var/fonts/map/pdftex/updmap/pdftex.map}]
<../../alea-head/alea-head.pdf, id=8, 614.295pt x 794.97pt>
File: ../../alea-head/alea-head.pdf Graphic file (type pdf)

<use ../../alea-head/alea-head.pdf>
Package pdftex.def Info: ../../alea-head/alea-head.pdf used on input line 23.
(pdftex.def)             Requested size: 614.29349pt x 794.96806pt.
File: ../../alea-head/alea-head.pdf Graphic file (type pdf)
 <use ../../alea-head/alea-head.pdf>
Package pdftex.def Info: ../../alea-head/alea-head.pdf used on input line 23.
(pdftex.def)             Requested size: 614.29349pt x 794.96806pt.

<../../alea-head/alea-head.pdf, id=11, page=1, 614.295pt x 794.97pt>
File: ../../alea-head/alea-head.pdf Graphic file (type pdf)

<use ../../alea-head/alea-head.pdf, page 1>
Package pdftex.def Info: ../../alea-head/alea-head.pdf, page1 used on input lin
e 23.
(pdftex.def)             Requested size: 614.29349pt x 794.96806pt.
File: ../../alea-head/alea-head.pdf Graphic file (type pdf)

<use ../../alea-head/alea-head.pdf, page 1>
Package pdftex.def Info: ../../alea-head/alea-head.pdf, page1 used on input lin
e 23.
(pdftex.def)             Requested size: 614.58406pt x 795.3441pt.
File: ../../alea-head/alea-head.pdf Graphic file (type pdf)

<use ../../alea-head/alea-head.pdf, page 1>
Package pdftex.def Info: ../../alea-head/alea-head.pdf, page1 used on input lin
e 23.
(pdftex.def)             Requested size: 614.58406pt x 795.3441pt.
File: ../../alea-head/alea-head.pdf Graphic file (type pdf)

<use ../../alea-head/alea-head.pdf, page 1>
Package pdftex.def Info: ../../alea-head/alea-head.pdf, page1 used on input lin
e 23.
(pdftex.def)             Requested size: 614.58406pt x 795.3441pt.
File: ../../alea-head/alea-head.pdf Graphic file (type pdf)

<use ../../alea-head/alea-head.pdf, page 1>
Package pdftex.def Info: ../../alea-head/alea-head.pdf, page1 used on input lin
e 23.
(pdftex.def)             Requested size: 614.58406pt x 795.3441pt.
 [2 <../../alea-head/alea-head.pdf>] <../../alea-head/alea-head.pdf, id=31, pag
e=2, 614.295pt x 794.97pt>
File: ../../alea-head/alea-head.pdf Graphic file (type pdf)

<use ../../alea-head/alea-head.pdf, page 2>
Package pdftex.def Info: ../../alea-head/alea-head.pdf, page2 used on input lin
e 23.
(pdftex.def)             Requested size: 614.58406pt x 795.3441pt.
File: ../../alea-head/alea-head.pdf Graphic file (type pdf)

<use ../../alea-head/alea-head.pdf, page 2>
Package pdftex.def Info: ../../alea-head/alea-head.pdf, page2 used on input lin
e 23.
(pdftex.def)             Requested size: 614.58406pt x 795.3441pt.
File: ../../alea-head/alea-head.pdf Graphic file (type pdf)

<use ../../alea-head/alea-head.pdf, page 2>
Package pdftex.def Info: ../../alea-head/alea-head.pdf, page2 used on input lin
e 23.
(pdftex.def)             Requested size: 614.58406pt x 795.3441pt.
 [3 <../../alea-head/alea-head.pdf>]
<../../../../../reference/clarinet-notation.png, id=35, 597.4797pt x 845.05812p
t>
File: ../../../../../reference/clarinet-notation.png Graphic file (type png)
 <use ../../../../../reference/clarinet-notation.png>
Package pdftex.def Info: ../../../../../reference/clarinet-notation.png used on
 input line 25.
(pdftex.def)             Requested size: 597.47824pt x 845.05606pt.

Overfull \hbox (207.47824pt too wide) in paragraph at lines 25--26
[] 
 []


Overfull \vbox (347.1894pt too high) has occurred while \output is active []


[4 <../../../../../reference/clarinet-notation.png (PNG copy)>] [5]
<../clarinet-0.pdf, id=43, 614.295pt x 794.97pt>
File: ../clarinet-0.pdf Graphic file (type pdf)
 <use ../clarinet-0.pdf>
Package pdftex.def Info: ../clarinet-0.pdf used on input line 32.
(pdftex.def)             Requested size: 614.29349pt x 794.96806pt.
File: ../clarinet-0.pdf Graphic file (type pdf)

<use ../clarinet-0.pdf>
Package pdftex.def Info: ../clarinet-0.pdf used on input line 32.
(pdftex.def)             Requested size: 614.29349pt x 794.96806pt.

<../clarinet-0.pdf, id=46, page=1, 614.295pt x 794.97pt>
File: ../clarinet-0.pdf Graphic file (type pdf)

<use ../clarinet-0.pdf, page 1>
Package pdftex.def Info: ../clarinet-0.pdf, page1 used on input line 32.
(pdftex.def)             Requested size: 614.29349pt x 794.96806pt.
File: ../clarinet-0.pdf Graphic file (type pdf)
 <use ../clarinet-0.pdf, page 1>
Package pdftex.def Info: ../clarinet-0.pdf, page1 used on input line 32.
(pdftex.def)             Requested size: 614.58406pt x 795.3441pt.
File: ../clarinet-0.pdf Graphic file (type pdf)

<use ../clarinet-0.pdf, page 1>
Package pdftex.def Info: ../clarinet-0.pdf, page1 used on input line 32.
(pdftex.def)             Requested size: 614.58406pt x 795.3441pt.
File: ../clarinet-0.pdf Graphic file (type pdf)
 <use ../clarinet-0.pdf, page 1>
Package pdftex.def Info: ../clarinet-0.pdf, page1 used on input line 32.
(pdftex.def)             Requested size: 614.58406pt x 795.3441pt.
File: ../clarinet-0.pdf Graphic file (type pdf)

<use ../clarinet-0.pdf, page 1>
Package pdftex.def Info: ../clarinet-0.pdf, page1 used on input line 32.
(pdftex.def)             Requested size: 614.58406pt x 795.3441pt.
 [6 <../clarinet-0.pdf>]
<../clarinet-0.pdf, id=70, page=2, 614.295pt x 794.97pt>
File: ../clarinet-0.pdf Graphic file (type pdf)

<use ../clarinet-0.pdf, page 2>
Package pdftex.def Info: ../clarinet-0.pdf, page2 used on input line 32.
(pdftex.def)             Requested size: 614.58406pt x 795.3441pt.
File: ../clarinet-0.pdf Graphic file (type pdf)
 <use ../clarinet-0.pdf, page 2>
Package pdftex.def Info: ../clarinet-0.pdf, page2 used on input line 32.
(pdftex.def)             Requested size: 614.58406pt x 795.3441pt.
File: ../clarinet-0.pdf Graphic file (type pdf)

<use ../clarinet-0.pdf, page 2>
Package pdftex.def Info: ../clarinet-0.pdf, page2 used on input line 32.
(pdftex.def)             Requested size: 614.58406pt x 795.3441pt.
 [7 <../clarinet-0.pdf>]
<../clarinet-0.pdf, id=75, page=3, 614.295pt x 794.97pt>
File: ../clarinet-0.pdf Graphic file (type pdf)

<use ../clarinet-0.pdf, page 3>
Package pdftex.def Info: ../clarinet-0.pdf, page3 used on input line 32.
(pdftex.def)             Requested size: 614.58406pt x 795.3441pt.
File: ../clarinet-0.pdf Graphic file (type pdf)
 <use ../clarinet-0.pdf, page 3>
Package pdftex.def Info: ../clarinet-0.pdf, page3 used on input line 32.
(pdftex.def)             Requested size: 614.58406pt x 795.3441pt.
File: ../clarinet-0.pdf Graphic file (type pdf)

<use ../clarinet-0.pdf, page 3>
Package pdftex.def Info: ../clarinet-0.pdf, page3 used on input line 32.
(pdftex.def)             Requested size: 614.58406pt x 795.3441pt.
 [8 <../clarinet-0.pdf>]
<../clarinet-0.pdf, id=79, page=4, 614.295pt x 794.97pt>
File: ../clarinet-0.pdf Graphic file (type pdf)

<use ../clarinet-0.pdf, page 4>
Package pdftex.def Info: ../clarinet-0.pdf, page4 used on input line 32.
(pdftex.def)             Requested size: 614.58406pt x 795.3441pt.
File: ../clarinet-0.pdf Graphic file (type pdf)
 <use ../clarinet-0.pdf, page 4>
Package pdftex.def Info: ../clarinet-0.pdf, page4 used on input line 32.
(pdftex.def)             Requested size: 614.58406pt x 795.3441pt.
File: ../clarinet-0.pdf Graphic file (type pdf)

<use ../clarinet-0.pdf, page 4>
Package pdftex.def Info: ../clarinet-0.pdf, page4 used on input line 32.
(pdftex.def)             Requested size: 614.58406pt x 795.3441pt.
 [9 <../clarinet-0.pdf>] (./clarinet.aux) ) 
Here is how much of TeX's memory you used:
 3684 strings out of 493014
 61109 string characters out of 6133351
 161128 words of memory out of 5000000
 7182 multiletter control sequences out of 15000+600000
 6415 words of font info for 23 fonts, out of 8000000 for 9000
 1141 hyphenation exceptions out of 8191
 47i,18n,58p,260b,426s stack positions out of 5000i,500n,10000p,200000b,80000s
</usr/local/texlive/2016/texmf-dist/
fonts/type1/public/amsfonts/cm/cmbx12.pfb></usr/local/texlive/2016/texmf-dist/f
onts/type1/public/amsfonts/cm/cmr12.pfb></usr/local/texlive/2016/texmf-dist/fon
ts/type1/public/amsfonts/cm/cmr17.pfb></usr/local/texlive/2016/texmf-dist/fonts
/type1/public/amsfonts/cm/cmsl12.pfb></usr/local/texlive/2016/texmf-dist/fonts/
type1/public/tex-gyre/qcsb.pfb></usr/local/texlive/2016/texmf-dist/fonts/type1/
public/tex-gyre/qcsr.pfb

pdfTeX warning: pdflatex (file /usr/local/texlive/2016/texmf-dist/fonts/type1/p
ublic/tex-gyre/qcsr.pfb): glyph `f_l' undefined
>
Output written on clarinet.pdf (9 pages, 188063 bytes).
PDF statistics:
 96 PDF objects out of 1000 (max. 8388607)
 61 compressed objects within 1 object stream
 0 named destinations out of 1000 (max. 500000)
 66 words of extra memory for PDF output out of 10000 (max. 10000000)

